[www.radiustheme.com/demo/html/psdboss/akkhor/akkhor/index.html]
[backblue.gif]
[fade.gif]
[index.html]
[www.radiustheme.com/demo/html/psdboss/akkhor/akkhor/img/favicon.png]
[www.radiustheme.com/demo/html/psdboss/akkhor/akkhor/css/normalize.css]
[www.radiustheme.com/demo/html/psdboss/akkhor/akkhor/css/main.css]
[www.radiustheme.com/demo/html/psdboss/akkhor/akkhor/css/bootstrap.min.css]
[www.radiustheme.com/demo/html/psdboss/akkhor/akkhor/css/all.min.css]
[www.radiustheme.com/demo/html/psdboss/akkhor/akkhor/fonts/flaticon.css]
[www.radiustheme.com/demo/html/psdboss/akkhor/akkhor/css/fullcalendar.min.css]
[www.radiustheme.com/demo/html/psdboss/akkhor/akkhor/css/animate.min.css]
[www.radiustheme.com/demo/html/psdboss/akkhor/akkhor/img/logo.png]
[www.radiustheme.com/demo/html/psdboss/akkhor/akkhor/img/figure/admin.jpg]
[www.radiustheme.com/demo/html/psdboss/akkhor/akkhor/login.html]
[www.radiustheme.com/demo/html/psdboss/akkhor/akkhor/img/figure/student11.png]
[www.radiustheme.com/demo/html/psdboss/akkhor/akkhor/img/figure/student12.png]
[www.radiustheme.com/demo/html/psdboss/akkhor/akkhor/img/figure/student13.png]
[www.radiustheme.com/demo/html/psdboss/akkhor/akkhor/img/logo1.png]
[www.radiustheme.com/demo/html/psdboss/akkhor/akkhor/index3.html]
[www.radiustheme.com/demo/html/psdboss/akkhor/akkhor/index4.html]
[www.radiustheme.com/demo/html/psdboss/akkhor/akkhor/index5.html]
[www.radiustheme.com/demo/html/psdboss/akkhor/akkhor/all-student.html]
[www.radiustheme.com/demo/html/psdboss/akkhor/akkhor/student-details.html]
[www.radiustheme.com/demo/html/psdboss/akkhor/akkhor/admit-form.html]
[www.radiustheme.com/demo/html/psdboss/akkhor/akkhor/student-promotion.html]
[www.radiustheme.com/demo/html/psdboss/akkhor/akkhor/all-teacher.html]
[www.radiustheme.com/demo/html/psdboss/akkhor/akkhor/teacher-details.html]
[www.radiustheme.com/demo/html/psdboss/akkhor/akkhor/add-teacher.html]
[www.radiustheme.com/demo/html/psdboss/akkhor/akkhor/teacher-payment.html]
[www.radiustheme.com/demo/html/psdboss/akkhor/akkhor/all-parents.html]
[www.radiustheme.com/demo/html/psdboss/akkhor/akkhor/parents-details.html]
[www.radiustheme.com/demo/html/psdboss/akkhor/akkhor/add-parents.html]
[www.radiustheme.com/demo/html/psdboss/akkhor/akkhor/all-book.html]
[www.radiustheme.com/demo/html/psdboss/akkhor/akkhor/add-book.html]
[www.radiustheme.com/demo/html/psdboss/akkhor/akkhor/all-fees.html]
[www.radiustheme.com/demo/html/psdboss/akkhor/akkhor/all-expense.html]
[www.radiustheme.com/demo/html/psdboss/akkhor/akkhor/add-expense.html]
[www.radiustheme.com/demo/html/psdboss/akkhor/akkhor/all-class.html]
[www.radiustheme.com/demo/html/psdboss/akkhor/akkhor/add-class.html]
[www.radiustheme.com/demo/html/psdboss/akkhor/akkhor/all-subject.html]
[www.radiustheme.com/demo/html/psdboss/akkhor/akkhor/class-routine.html]
[www.radiustheme.com/demo/html/psdboss/akkhor/akkhor/student-attendence.html]
[www.radiustheme.com/demo/html/psdboss/akkhor/akkhor/exam-schedule.html]
[www.radiustheme.com/demo/html/psdboss/akkhor/akkhor/exam-grade.html]
[www.radiustheme.com/demo/html/psdboss/akkhor/akkhor/transport.html]
[www.radiustheme.com/demo/html/psdboss/akkhor/akkhor/hostel.html]
[www.radiustheme.com/demo/html/psdboss/akkhor/akkhor/notice-board.html]
[www.radiustheme.com/demo/html/psdboss/akkhor/akkhor/messaging.html]
[www.radiustheme.com/demo/html/psdboss/akkhor/akkhor/notification-alart.html]
[www.radiustheme.com/demo/html/psdboss/akkhor/akkhor/button.html]
[www.radiustheme.com/demo/html/psdboss/akkhor/akkhor/grid.html]
[www.radiustheme.com/demo/html/psdboss/akkhor/akkhor/modal.html]
[www.radiustheme.com/demo/html/psdboss/akkhor/akkhor/progress-bar.html]
[www.radiustheme.com/demo/html/psdboss/akkhor/akkhor/ui-tab.html]
[www.radiustheme.com/demo/html/psdboss/akkhor/akkhor/ui-widget.html]
[www.radiustheme.com/demo/html/psdboss/akkhor/akkhor/map.html]
[www.radiustheme.com/demo/html/psdboss/akkhor/akkhor/account-settings.html]
[www.radiustheme.com/demo/html/psdboss/akkhor/akkhor/js/jquery-3.3.1.min.js]
[www.radiustheme.com/demo/html/psdboss/akkhor/akkhor/js/plugins.js]
[www.radiustheme.com/demo/html/psdboss/akkhor/akkhor/js/popper.min.js]
[www.radiustheme.com/demo/html/psdboss/akkhor/akkhor/js/bootstrap.min.js]
[www.radiustheme.com/demo/html/psdboss/akkhor/akkhor/js/jquery.counterup.min.js]
[www.radiustheme.com/demo/html/psdboss/akkhor/akkhor/js/moment.min.js]
[www.radiustheme.com/demo/html/psdboss/akkhor/akkhor/js/jquery.waypoints.min.js]
[www.radiustheme.com/demo/html/psdboss/akkhor/akkhor/js/jquery.scrollUp.min.js]
[www.radiustheme.com/demo/html/psdboss/akkhor/akkhor/js/fullcalendar.min.js]
[www.radiustheme.com/demo/html/psdboss/akkhor/akkhor/js/Chart.min.js]
[www.radiustheme.com/demo/html/psdboss/akkhor/akkhor/js/main.js]
[www.radiustheme.com/demo/html/psdboss/akkhor/akkhor/index.html]
[www.radiustheme.com/demo/html/psdboss/akkhor/akkhor/css/normalize.css]
[www.radiustheme.com/demo/html/psdboss/akkhor/akkhor/css/main.css]
[www.radiustheme.com/demo/html/psdboss/akkhor/akkhor/css/bootstrap.min.css]
[www.radiustheme.com/demo/html/psdboss/akkhor/akkhor/webfonts/fa-brands-400.eot]
[www.radiustheme.com/demo/html/psdboss/akkhor/akkhor/webfonts/fa-brands-400.html]
[www.radiustheme.com/demo/html/psdboss/akkhor/akkhor/webfonts/fa-brands-400d41d.eot]
[www.radiustheme.com/demo/html/psdboss/akkhor/akkhor/webfonts/fa-brands-400.woff]
[www.radiustheme.com/demo/html/psdboss/akkhor/akkhor/webfonts/fa-brands-400.ttf]
[www.radiustheme.com/demo/html/psdboss/akkhor/akkhor/webfonts/fa-brands-400.svg]
[www.radiustheme.com/demo/html/psdboss/akkhor/akkhor/webfonts/fa-regular-400.eot]
[www.radiustheme.com/demo/html/psdboss/akkhor/akkhor/webfonts/fa-regular-400d41d.eot]
[www.radiustheme.com/demo/html/psdboss/akkhor/akkhor/webfonts/fa-regular-400.html]
[www.radiustheme.com/demo/html/psdboss/akkhor/akkhor/webfonts/fa-regular-400.woff]
[www.radiustheme.com/demo/html/psdboss/akkhor/akkhor/webfonts/fa-regular-400.ttf]
[www.radiustheme.com/demo/html/psdboss/akkhor/akkhor/webfonts/fa-regular-400.svg]
[www.radiustheme.com/demo/html/psdboss/akkhor/akkhor/webfonts/fa-solid-900d41d.eot]
[www.radiustheme.com/demo/html/psdboss/akkhor/akkhor/webfonts/fa-solid-900.html]
[www.radiustheme.com/demo/html/psdboss/akkhor/akkhor/webfonts/fa-solid-900.eot]
[www.radiustheme.com/demo/html/psdboss/akkhor/akkhor/webfonts/fa-solid-900.woff]
[www.radiustheme.com/demo/html/psdboss/akkhor/akkhor/webfonts/fa-solid-900.ttf]
[www.radiustheme.com/demo/html/psdboss/akkhor/akkhor/webfonts/fa-solid-900.svg]
[www.radiustheme.com/demo/html/psdboss/akkhor/akkhor/css/all.min.css]
[www.radiustheme.com/demo/html/psdboss/akkhor/akkhor/fonts/Flaticon.eot]
[www.radiustheme.com/demo/html/psdboss/akkhor/akkhor/fonts/Flaticond41d.eot]
[www.radiustheme.com/demo/html/psdboss/akkhor/akkhor/fonts/Flaticon.html]
[www.radiustheme.com/demo/html/psdboss/akkhor/akkhor/fonts/Flaticon.woff]
[www.radiustheme.com/demo/html/psdboss/akkhor/akkhor/fonts/Flaticon.ttf]
[www.radiustheme.com/demo/html/psdboss/akkhor/akkhor/fonts/flaticon.css]
[www.radiustheme.com/demo/html/psdboss/akkhor/akkhor/css/fullcalendar.min.css]
[www.radiustheme.com/demo/html/psdboss/akkhor/akkhor/css/animate.min.css]
[www.radiustheme.com/demo/html/psdboss/akkhor/akkhor/fonts/Flaticon.svg]
[www.radiustheme.com/demo/html/psdboss/akkhor/akkhor/style.css]
[www.radiustheme.com/demo/html/psdboss/akkhor/akkhor/js/modernizr-3.6.0.min.js]
[www.radiustheme.com/demo/html/psdboss/akkhor/akkhor/img/logo2.png]
[www.radiustheme.com/demo/html/psdboss/akkhor/akkhor/login.html]
[www.radiustheme.com/demo/html/psdboss/akkhor/akkhor/css/jquery.dataTables.min.css]
[www.radiustheme.com/demo/html/psdboss/akkhor/akkhor/img/figure/student.png]
[www.radiustheme.com/demo/html/psdboss/akkhor/akkhor/index3.html]
[www.radiustheme.com/demo/html/psdboss/akkhor/akkhor/js/jquery.dataTables.min.js]
[www.radiustheme.com/demo/html/psdboss/akkhor/akkhor/img/figure/student1.png]
[www.radiustheme.com/demo/html/psdboss/akkhor/akkhor/index4.html]
[www.radiustheme.com/demo/html/psdboss/akkhor/akkhor/img/figure/student2.png]
[www.radiustheme.com/demo/html/psdboss/akkhor/akkhor/img/figure/student3.png]
[www.radiustheme.com/demo/html/psdboss/akkhor/akkhor/img/figure/student4.png]
[www.radiustheme.com/demo/html/psdboss/akkhor/akkhor/img/figure/student5.png]
[www.radiustheme.com/demo/html/psdboss/akkhor/akkhor/img/figure/student6.png]
[www.radiustheme.com/demo/html/psdboss/akkhor/akkhor/img/figure/student7.png]
[www.radiustheme.com/demo/html/psdboss/akkhor/akkhor/img/figure/student8.png]
[www.radiustheme.com/demo/html/psdboss/akkhor/akkhor/img/figure/student9.png]
[www.radiustheme.com/demo/html/psdboss/akkhor/akkhor/img/figure/student10.png]
[www.radiustheme.com/demo/html/psdboss/akkhor/akkhor/index5.html]
[www.radiustheme.com/demo/html/psdboss/akkhor/akkhor/all-student.html]
[www.radiustheme.com/demo/html/psdboss/akkhor/akkhor/img/figure/student1.jpg]
[www.radiustheme.com/demo/html/psdboss/akkhor/akkhor/student-details.html]
[www.radiustheme.com/demo/html/psdboss/akkhor/akkhor/css/select2.min.css]
[www.radiustheme.com/demo/html/psdboss/akkhor/akkhor/css/datepicker.min.css]
[www.radiustheme.com/demo/html/psdboss/akkhor/akkhor/js/select2.min.js]
[www.radiustheme.com/demo/html/psdboss/akkhor/akkhor/js/datepicker.min.js]
[www.radiustheme.com/demo/html/psdboss/akkhor/akkhor/admit-form.html]
[www.radiustheme.com/demo/html/psdboss/akkhor/akkhor/js/jquery.smoothscroll.min.js]
[www.radiustheme.com/demo/html/psdboss/akkhor/akkhor/student-promotion.html]
[www.radiustheme.com/demo/html/psdboss/akkhor/akkhor/all-teacher.html]
[www.radiustheme.com/demo/html/psdboss/akkhor/akkhor/img/figure/teacher.jpg]
[www.radiustheme.com/demo/html/psdboss/akkhor/akkhor/teacher-details.html]
[www.radiustheme.com/demo/html/psdboss/akkhor/akkhor/add-teacher.html]
[www.radiustheme.com/demo/html/psdboss/akkhor/akkhor/teacher-payment.html]
[www.radiustheme.com/demo/html/psdboss/akkhor/akkhor/all-parents.html]
[www.radiustheme.com/demo/html/psdboss/akkhor/akkhor/img/figure/parents.jpg]
[www.radiustheme.com/demo/html/psdboss/akkhor/akkhor/parents-details.html]
[www.radiustheme.com/demo/html/psdboss/akkhor/akkhor/add-parents.html]
[www.radiustheme.com/demo/html/psdboss/akkhor/akkhor/all-book.html]
[www.radiustheme.com/demo/html/psdboss/akkhor/akkhor/add-book.html]
[www.radiustheme.com/demo/html/psdboss/akkhor/akkhor/all-fees.html]
[www.radiustheme.com/demo/html/psdboss/akkhor/akkhor/all-expense.html]
[www.radiustheme.com/demo/html/psdboss/akkhor/akkhor/add-expense.html]
[www.radiustheme.com/demo/html/psdboss/akkhor/akkhor/all-class.html]
[www.radiustheme.com/demo/html/psdboss/akkhor/akkhor/add-class.html]
[www.radiustheme.com/demo/html/psdboss/akkhor/akkhor/all-subject.html]
[www.radiustheme.com/demo/html/psdboss/akkhor/akkhor/class-routine.html]
[www.radiustheme.com/demo/html/psdboss/akkhor/akkhor/student-attendence.html]
[www.radiustheme.com/demo/html/psdboss/akkhor/akkhor/exam-schedule.html]
[www.radiustheme.com/demo/html/psdboss/akkhor/akkhor/exam-grade.html]
[www.radiustheme.com/demo/html/psdboss/akkhor/akkhor/transport.html]
[www.radiustheme.com/demo/html/psdboss/akkhor/akkhor/hostel.html]
[www.radiustheme.com/demo/html/psdboss/akkhor/akkhor/notice-board.html]
[www.radiustheme.com/demo/html/psdboss/akkhor/akkhor/messaging.html]
[www.radiustheme.com/demo/html/psdboss/akkhor/akkhor/notification-alart.html]
[www.radiustheme.com/demo/html/psdboss/akkhor/akkhor/button.html]
[www.radiustheme.com/demo/html/psdboss/akkhor/akkhor/grid.html]
[www.radiustheme.com/demo/html/psdboss/akkhor/akkhor/modal.html]
[www.radiustheme.com/demo/html/psdboss/akkhor/akkhor/progress-bar.html]
[www.radiustheme.com/demo/html/psdboss/akkhor/akkhor/ui-tab.html]
[www.radiustheme.com/demo/html/psdboss/akkhor/akkhor/ui-widget.html]
[www.radiustheme.com/demo/html/psdboss/akkhor/akkhor/js/google-marker-map.js]
[www.radiustheme.com/demo/html/psdboss/akkhor/akkhor/map.html]
[www.radiustheme.com/demo/html/psdboss/akkhor/akkhor/img/figure/user1.jpg]
[www.radiustheme.com/demo/html/psdboss/akkhor/akkhor/img/figure/user2.jpg]
[www.radiustheme.com/demo/html/psdboss/akkhor/akkhor/img/figure/user3.jpg]
[www.radiustheme.com/demo/html/psdboss/akkhor/akkhor/img/figure/user4.jpg]
[www.radiustheme.com/demo/html/psdboss/akkhor/akkhor/img/figure/user5.jpg]
[www.radiustheme.com/demo/html/psdboss/akkhor/akkhor/img/figure/user.jpg]
[www.radiustheme.com/demo/html/psdboss/akkhor/akkhor/account-settings.html]
[www.radiustheme.com/demo/html/psdboss/akkhor/akkhor/webfonts/fa-brands-400.html]
[www.radiustheme.com/demo/html/psdboss/akkhor/akkhor/webfonts/fa-brands-401.html]
[www.radiustheme.com/demo/html/psdboss/akkhor/akkhor/webfonts/fa-regular-400.html]
[www.radiustheme.com/demo/html/psdboss/akkhor/akkhor/webfonts/fa-regular-401.html]
[www.radiustheme.com/demo/html/psdboss/akkhor/akkhor/webfonts/fa-solid-900.html]
[www.radiustheme.com/demo/html/psdboss/akkhor/akkhor/webfonts/fa-solid-901.html]
[www.radiustheme.com/demo/html/psdboss/akkhor/akkhor/fonts/Flaticon.html]
[www.radiustheme.com/demo/html/psdboss/akkhor/akkhor/fonts/Flaticon.svg]
[www.radiustheme.com/demo/html/psdboss/akkhor/akkhor/img/preloader.gif]
[www.radiustheme.com/demo/html/psdboss/akkhor/akkhor/img/figure/login-bg.jpg]
[www.radiustheme.com/demo/html/psdboss/akkhor/akkhor/style.css]
[www.radiustheme.com/demo/html/psdboss/akkhor/akkhor/images/sort_both.png]
[www.radiustheme.com/demo/html/psdboss/akkhor/akkhor/images/sort_asc.png]
[www.radiustheme.com/demo/html/psdboss/akkhor/akkhor/images/sort_desc.png]
[www.radiustheme.com/demo/html/psdboss/akkhor/akkhor/images/sort_asc_disabled.png]
[www.radiustheme.com/demo/html/psdboss/akkhor/akkhor/images/sort_desc_disabled.png]
[www.radiustheme.com/demo/html/psdboss/akkhor/akkhor/css/jquery.dataTables.min.css]
[www.radiustheme.com/demo/html/psdboss/akkhor/akkhor/css/select2.min.css]
[www.radiustheme.com/demo/html/psdboss/akkhor/akkhor/css/datepicker.min.css]
[www.radiustheme.com/demo/html/psdboss/akkhor/akkhor/js/jquery.smoothscroll.min.html]
[www.radiustheme.com/demo/html/psdboss/akkhor/akkhor/images/sort_both.html]
[www.radiustheme.com/demo/html/psdboss/akkhor/akkhor/images/sort_asc.html]
[www.radiustheme.com/demo/html/psdboss/akkhor/akkhor/images/sort_desc.html]
[www.radiustheme.com/demo/html/psdboss/akkhor/akkhor/images/sort_asc_disabled.html]
[www.radiustheme.com/demo/html/psdboss/akkhor/akkhor/images/sort_desc_disabled.html]
